-- Dynamics Interchange Format v0.1

hashimoto_world = dynamics.world {
	gravity = {0,0,-9.8},
	ODE = {
		ERP = 0.9,
		CFM = 0.0001,
		auto_disable = {
			linear_threshold = 0.0001,
			angular_threshold = 0.0001,
			average_samples = 1,
			idle_time = 0,
			idle_steps = 10,
		},
	},
}
hashimoto_body = {}
hashimoto_body[0] = dynamics.body {
	world = hashimoto_world,
	pos = {0,0,0.3952},
	q = {1,0,0,0},
	lvel = {0,0,-3.41498608768526e-016},
	avel = {0,0,0},
	mass = 3,
	I = {{0.156842658227848,0,0},{0,0.156842658227848,0},{0,0,0.00133632911392405}},
	ODE = {
	},
	geometry = {
		{
			type = "capsule",
			radius = 0.03,
			length = 0.75,
		},
	},
}
hashimoto_body[1] = dynamics.body {
	world = hashimoto_world,
	pos = {0,0,0.643903777777778},
	q = {1,0,0,0},
	lvel = {0,0,-3.85939288790903e-015},
	avel = {0,0,0},
	mass = 3,
	I = {{0.168994897959184,0,0},{0,0.168994897959184,0},{0,0,0.00368877551020408}},
	ODE = {
	},
	geometry = {
		{
			type = "capsule",
			radius = 0.05,
			length = 0.75,
		},
	},
}
hashimoto_body[2] = dynamics.body {
	world = hashimoto_world,
	pos = {0,0,1.01875133333333},
	q = {1,0,0,0},
	lvel = {0,0,2.1491053047045e-015},
	avel = {0,0,0},
	mass = 14,
	I = {{0.35,0,0},{0,0.35,0},{0,0,0.35}},
	ODE = {
	},
	geometry = {
		{
			type = "sphere",
			radius = 0.25,
		},
	},
}
hashimoto_joint = {}
hashimoto_joint[0] = dynamics.slider_joint {
	world = hashimoto_world,
	body = {hashimoto_body[1],hashimoto_body[0]}
	axis1 = {0,0,1},
	qrel = {1,0,0,0},
	offset = {0,0,0.5},
	limit = {
		low_stop = -0.25,
		high_stop = 0.25,
		ODE = {
			stop_erp = 0.9,
			stop_cfm = 0.0001,
		},
	},
	motor = {
		vel = -8,
		fmax = 1000,
		ODE = {
			fudge_factor = 1,
			normal_cfm = 0.0001,
		},
	},
}
hashimoto_joint[1] = dynamics.hinge_joint {
	world = hashimoto_world,
	body = {hashimoto_body[2],hashimoto_body[1]}
	anchor1 = {0,0,0},
	anchor2 = {0,0,0.375},
	axis1 = {1,0,0},
	axis2 = {1,0,0},
	qrel = {1,0,0,0},
	limit = {
		low_stop = -inf,
		high_stop = inf,
		ODE = {
			stop_erp = 0.9,
			stop_cfm = 0.0001,
		},
	},
	motor = {
		fmax = 1000,
		ODE = {
			fudge_factor = 1,
			normal_cfm = 0.0001,
		},
	},
}
